d:\github\project1\project1\debug\vc141.pdb
d:\github\project1\project1\debug\vc141.idb
d:\github\project1\project1\debug\sort.obj
d:\github\project1\project1\debug\snake.obj
d:\github\project1\project1\debug\linkedlisttest.obj
d:\github\project1\project1\debug\linkedlist.obj
d:\github\project1\project1\debug\leetcode.obj
d:\github\project1\project1\debug\family.obj
d:\github\project1\project1\debug\fact.obj
d:\github\project1\project1\debug\ch9.obj
d:\github\project1\project1\debug\ch8.obj
d:\github\project1\project1\debug\ch7.obj
d:\github\project1\project1\debug\ch6.obj
d:\github\project1\project1\debug\ch5.obj
d:\github\project1\project1\debug\ch4.obj
d:\github\project1\project1\debug\ch3.obj
d:\github\project1\project1\debug\ch2.obj
d:\github\project1\project1\debug\ch13.obj
d:\github\project1\project1\debug\ch12.obj
d:\github\project1\project1\debug\ch11.obj
d:\github\project1\project1\debug\ch10.obj
d:\github\project1\project1\debug\ch1.obj
d:\github\project1\project1\debug\tsearch.obj
d:\github\project1\project1\debug\textsearch.obj
d:\github\project1\project1\debug\stacktest.obj
d:\github\project1\project1\debug\sorttest.obj
d:\github\project1\debug\project1.exe
d:\github\project1\debug\project1.ilk
d:\github\project1\debug\project1.pdb
d:\github\project1\project1\debug\project1.tlog\cl.command.1.tlog
d:\github\project1\project1\debug\project1.tlog\cl.read.1.tlog
d:\github\project1\project1\debug\project1.tlog\cl.write.1.tlog
d:\github\project1\project1\debug\project1.tlog\link.command.1.tlog
d:\github\project1\project1\debug\project1.tlog\link.read.1.tlog
d:\github\project1\project1\debug\project1.tlog\link.write.1.tlog
